#! /usr/bin/vvp
:ivl_version "0.9.7 " "(v0_9_7)";
:vpi_time_precision + 0;
:vpi_module "system";
:vpi_module "v2005_math";
:vpi_module "va_math";
S_0x11bffc0 .scope module, "demorgan_test3" "demorgan_test3" 2 3;
 .timescale 0 0;
v0x11d2a10_0 .var "A", 0 0;
v0x11d2ae0_0 .net "AorB", 0 0, L_0x11d2d20; 1 drivers
v0x11d2b90_0 .var "B", 0 0;
v0x11d2c40_0 .net "nAorB", 0 0, L_0x11d2e70; 1 drivers
S_0x11c00b0 .scope module, "duct" "demorgan3" 2 9, 3 2, S_0x11bffc0;
 .timescale 0 0;
L_0x11d2d20 .functor OR 1, v0x11d2a10_0, v0x11d2b90_0, C4<0>, C4<0>;
L_0x11d2e70 .functor NOT 1, L_0x11d2d20, C4<0>, C4<0>, C4<0>;
v0x11c0dd0_0 .net "A", 0 0, v0x11d2a10_0; 1 drivers
v0x11d2820_0 .alias "AorB", 0 0, v0x11d2ae0_0;
v0x11d28c0_0 .net "B", 0 0, v0x11d2b90_0; 1 drivers
v0x11d2960_0 .alias "nAorB", 0 0, v0x11d2c40_0;
    .scope S_0x11bffc0;
T_0 ;
    %vpi_call 2 13 "$display", "A B | A+B | ~(A+B) ";
    %set/v v0x11d2a10_0, 0, 1;
    %set/v v0x11d2b90_0, 0, 1;
    %delay 1, 0;
    %vpi_call 2 15 "$display", "%b %b |  %b  | %b ", v0x11d2a10_0, v0x11d2b90_0, v0x11d2ae0_0, v0x11d2c40_0;
    %set/v v0x11d2a10_0, 0, 1;
    %set/v v0x11d2b90_0, 1, 1;
    %delay 1, 0;
    %vpi_call 2 17 "$display", "%b %b |  %b  | %b ", v0x11d2a10_0, v0x11d2b90_0, v0x11d2ae0_0, v0x11d2c40_0;
    %set/v v0x11d2a10_0, 1, 1;
    %set/v v0x11d2b90_0, 0, 1;
    %delay 1, 0;
    %vpi_call 2 19 "$display", "%b %b |  %b  | %b ", v0x11d2a10_0, v0x11d2b90_0, v0x11d2ae0_0, v0x11d2c40_0;
    %set/v v0x11d2a10_0, 1, 1;
    %set/v v0x11d2b90_0, 1, 1;
    %delay 1, 0;
    %vpi_call 2 21 "$display", "%b %b |  %b  | %b ", v0x11d2a10_0, v0x11d2b90_0, v0x11d2ae0_0, v0x11d2c40_0;
    %end;
    .thread T_0;
# The file index is used to find the file name in the following table.
:file_names 4;
    "N/A";
    "<interactive>";
    "hw1case3.t.v";
    "./hw1case3.v";
